<?xml version="1.0" encoding="UTF-8"?>
<robot generator="Robot 7.2.2 (Python 3.13.2 on win32)" generated="2025-03-10T10:57:45.301216" rpa="false" schemaversion="5">
<suite id="s1" name="Wizzair" source="c:\_wizzair\Wizzair\wizzair.robot">
<test id="s1-t1" name="Collect Arrival Cities And Prices" line="9">
<kw name="Open Browser" owner="SeleniumLibrary">
<msg time="2025-03-10T10:57:45.603510" level="INFO">Opening browser 'Chrome' to base url 'https://wizzair.esky.hu/'.</msg>
<arg>${URL}</arg>
<arg>${BROWSER}</arg>
<doc>Opens a new browser instance to the optional ``url``.</doc>
<status status="PASS" start="2025-03-10T10:57:45.603114" elapsed="3.438207"/>
</kw>
<kw name="Maximize Browser Window" owner="SeleniumLibrary">
<doc>Maximizes current browser window.</doc>
<status status="PASS" start="2025-03-10T10:57:49.041795" elapsed="0.093483"/>
</kw>
<kw name="Sleep" owner="BuiltIn">
<msg time="2025-03-10T10:57:52.137331" level="INFO">Slept 3 seconds.</msg>
<arg>3s</arg>
<doc>Pauses the test executed for the given time.</doc>
<status status="PASS" start="2025-03-10T10:57:49.136117" elapsed="3.001472"/>
</kw>
<kw name="Get WebElement" owner="SeleniumLibrary">
<msg time="2025-03-10T10:57:52.152727" level="INFO">${shadowHost} = &lt;selenium.webdriver.remote.webelement.WebElement (session="cd1acf8b943aad2a6a3cfee4f305a02a", element="f.4CFBDE77280A3C4A43C1C96BC7F12BB1.d.6E5832329BA3696292F41C8521135494.e.163")&gt;</msg>
<var>${shadowHost}</var>
<arg>xpath=//div[@id='usercentrics-root']</arg>
<doc>Returns the first WebElement matching the given ``locator``.</doc>
<status status="PASS" start="2025-03-10T10:57:52.137992" elapsed="0.014889"/>
</kw>
<kw name="Execute Javascript" owner="SeleniumLibrary">
<msg time="2025-03-10T10:57:52.405220" level="INFO" html="true">&lt;/td&gt;&lt;/tr&gt;&lt;tr&gt;&lt;td colspan="3"&gt;&lt;a href="selenium-screenshot-6.png"&gt;&lt;img src="selenium-screenshot-6.png" width="800px"&gt;&lt;/a&gt;</msg>
<msg time="2025-03-10T10:57:52.405525" level="FAIL">TypeError: sequence item 2: expected str instance, WebElement found</msg>
<var>${shadowRoot}</var>
<arg>return arguments[0].shadowRoot;</arg>
<arg>Get Text</arg>
<arg>${shadowHost}</arg>
<doc>Executes the given JavaScript code with possible arguments.</doc>
<status status="FAIL" start="2025-03-10T10:57:52.153255" elapsed="0.254811">TypeError: sequence item 2: expected str instance, WebElement found</status>
</kw>
<kw name="Execute Javascript" owner="SeleniumLibrary">
<var>${button}</var>
<arg>return arguments[0].querySelector("#shadow-btn");</arg>
<doc>Executes the given JavaScript code with possible arguments.</doc>
<status status="NOT RUN" start="2025-03-10T10:57:52.408616" elapsed="0.000155"/>
</kw>
<kw name="Click Element" owner="SeleniumLibrary">
<arg>${button}</arg>
<doc>Click the element identified by ``locator``.</doc>
<status status="NOT RUN" start="2025-03-10T10:57:52.409299" elapsed="0.000105"/>
</kw>
<kw name="Get WebElements" owner="SeleniumLibrary">
<var>${arrival_cities}</var>
<arg>//div[contains(@class, 'arrival-city')]</arg>
<doc>Returns a list of WebElement objects matching the ``locator``.</doc>
<status status="NOT RUN" start="2025-03-10T10:57:52.409828" elapsed="0.000145"/>
</kw>
<kw name="Get WebElements" owner="SeleniumLibrary">
<var>${prices}</var>
<arg>//span[contains(@class, 'price-amount')]</arg>
<doc>Returns a list of WebElement objects matching the ``locator``.</doc>
<status status="NOT RUN" start="2025-03-10T10:57:52.410363" elapsed="0.000125"/>
</kw>
<kw name="Get Length" owner="BuiltIn">
<var>${city_count}</var>
<arg>${arrival_cities}</arg>
<doc>Returns and logs the length of the given item as an integer.</doc>
<status status="NOT RUN" start="2025-03-10T10:57:52.411001" elapsed="0.000163"/>
</kw>
<kw name="Get Length" owner="BuiltIn">
<var>${price_count}</var>
<arg>${prices}</arg>
<doc>Returns and logs the length of the given item as an integer.</doc>
<status status="NOT RUN" start="2025-03-10T10:57:52.411809" elapsed="0.000094"/>
</kw>
<for flavor="IN RANGE">
<iter>
<kw name="Get Text" owner="SeleniumLibrary">
<var>${city}</var>
<arg>${arrival_cities}[${index}]</arg>
<doc>Returns the text value of the element identified by ``locator``.</doc>
<status status="NOT RUN" start="2025-03-10T10:57:52.412571" elapsed="0.000088"/>
</kw>
<kw name="Run Keyword If" owner="BuiltIn">
<var>${price}</var>
<arg>${index} &lt; ${price_count}</arg>
<arg>Get Text</arg>
<arg>${prices}[${index}]</arg>
<arg>ELSE</arg>
<arg>Set Variable</arg>
<arg>N/A</arg>
<doc>Runs the given keyword with the given arguments, if ``condition`` is true.</doc>
<status status="NOT RUN" start="2025-03-10T10:57:52.412832" elapsed="0.000112"/>
</kw>
<kw name="Log" owner="BuiltIn">
<arg>${city}: ${price}</arg>
<doc>Logs the given message with the given level.</doc>
<status status="NOT RUN" start="2025-03-10T10:57:52.413081" elapsed="0.000084"/>
</kw>
<kw name="Log To Console" owner="BuiltIn">
<arg>${index}. ${city}: ${price}</arg>
<doc>Logs the given message to the console.</doc>
<status status="NOT RUN" start="2025-03-10T10:57:52.413283" elapsed="0.000077"/>
</kw>
<var name="${index}"/>
<status status="NOT RUN" start="2025-03-10T10:57:52.412416" elapsed="0.001016"/>
</iter>
<var>${index}</var>
<value>${city_count}</value>
<status status="NOT RUN" start="2025-03-10T10:57:52.412201" elapsed="0.001343"/>
</for>
<kw name="Close Browser" owner="SeleniumLibrary">
<doc>Closes the current browser.</doc>
<status status="NOT RUN" start="2025-03-10T10:57:52.413911" elapsed="0.000078"/>
</kw>
<doc>Ez a teszteset összegyűjti és azonnal kiírja az érkezési városokat és az árakat a Wizz Air eSky oldaláról</doc>
<status status="FAIL" start="2025-03-10T10:57:45.601893" elapsed="6.812522">TypeError: sequence item 2: expected str instance, WebElement found</status>
</test>
<status status="FAIL" start="2025-03-10T10:57:45.305981" elapsed="7.109619"/>
</suite>
<statistics>
<total>
<stat pass="0" fail="1" skip="0">All Tests</stat>
</total>
<tag>
</tag>
<suite>
<stat name="Wizzair" id="s1" pass="0" fail="1" skip="0">Wizzair</stat>
</suite>
</statistics>
<errors>
</errors>
</robot>
